[2020-10-13 05:01:23] local.ERROR: View [welcome] not found. {"exception":"[object] (InvalidArgumentException(code: 0): View [welcome] not found. at /opt/lampp/htdocs/Project/Laravel/Laravel DEMO/free/vieva_dashboard_12_10_2020_with_db/laravel/vendor/laravel/framework/src/Illuminate/View/FileViewFinder.php:137)
[stacktrace]
#0 /opt/lampp/htdocs/Project/Laravel/Laravel DEMO/free/vieva_dashboard_12_10_2020_with_db/laravel/vendor/laravel/framework/src/Illuminate/View/FileViewFinder.php(79): Illuminate\\View\\FileViewFinder->findInPaths('welcome', Array)
#1 /opt/lampp/htdocs/Project/Laravel/Laravel DEMO/free/vieva_dashboard_12_10_2020_with_db/laravel/vendor/laravel/framework/src/Illuminate/View/Factory.php(138): Illuminate\\View\\FileViewFinder->find('welcome')
#2 /opt/lampp/htdocs/Project/Laravel/Laravel DEMO/free/vieva_dashboard_12_10_2020_with_db/laravel/vendor/laravel/framework/src/Illuminate/Foundation/helpers.php(961): Illuminate\\View\\Factory->make('welcome', Array, Array)
#3 /opt/lampp/htdocs/Project/Laravel/Laravel DEMO/free/vieva_dashboard_12_10_2020_with_db/laravel/routes/web.php(17): view('welcome')
#4 /opt/lampp/htdocs/Project/Laravel/Laravel DEMO/free/vieva_dashboard_12_10_2020_with_db/laravel/vendor/laravel/framework/src/Illuminate/Routing/Route.php(225): Illuminate\\Routing\\RouteFileRegistrar->{closure}()
#5 /opt/lampp/htdocs/Project/Laravel/Laravel DEMO/free/vieva_dashboard_12_10_2020_with_db/laravel/vendor/laravel/framework/src/Illuminate/Routing/Route.php(199): Illuminate\\Routing\\Route->runCallable()
#6 /opt/lampp/htdocs/Project/Laravel/Laravel DEMO/free/vieva_dashboard_12_10_2020_with_db/laravel/vendor/laravel/framework/src/Illuminate/Routing/Router.php(685): Illuminate\\Routing\\Route->run()
#7 /opt/lampp/htdocs/Project/Laravel/Laravel DEMO/free/vieva_dashboard_12_10_2020_with_db/laravel/vendor/laravel/framework/src/Illuminate/Pipeline/Pipeline.php(128): Illuminate\\Routing\\Router->Illuminate\\Routing\\{closure}(Object(Illuminate\\Http\\Request))
#8 /opt/lampp/htdocs/Project/Laravel/Laravel DEMO/free/vieva_dashboard_12_10_2020_with_db/laravel/vendor/laravel/framework/src/Illuminate/Routing/Middleware/SubstituteBindings.php(41): Illuminate\\Pipeline\\Pipeline->Illuminate\\Pipeline\\{closure}(Object(Illuminate\\Http\\Request))
#9 /opt/lampp/htdocs/Project/Laravel/Laravel DEMO/free/vieva_dashboard_12_10_2020_with_db/laravel/vendor/laravel/framework/src/Illuminate/Pipeline/Pipeline.php(167): Illuminate\\Routing\\Middleware\\SubstituteBindings->handle(Object(Illuminate\\Http\\Request), Object(Closure))
#10 /opt/lampp/htdocs/Project/Laravel/Laravel DEMO/free/vieva_dashboard_12_10_2020_with_db/laravel/vendor/laravel/framework/src/Illuminate/Foundation/Http/Middleware/VerifyCsrfToken.php(77): Illuminate\\Pipeline\\Pipeline->Illuminate\\Pipeline\\{closure}(Object(Illuminate\\Http\\Request))
#11 /opt/lampp/htdocs/Project/Laravel/Laravel DEMO/free/vieva_dashboard_12_10_2020_with_db/laravel/vendor/laravel/framework/src/Illuminate/Pipeline/Pipeline.php(167): Illuminate\\Foundation\\Http\\Middleware\\VerifyCsrfToken->handle(Object(Illuminate\\Http\\Request), Object(Closure))
#12 /opt/lampp/htdocs/Project/Laravel/Laravel DEMO/free/vieva_dashboard_12_10_2020_with_db/laravel/vendor/laravel/framework/src/Illuminate/View/Middleware/ShareErrorsFromSession.php(49): Illuminate\\Pipeline\\Pipeline->Illuminate\\Pipeline\\{closure}(Object(Illuminate\\Http\\Request))
#13 /opt/lampp/htdocs/Project/Laravel/Laravel DEMO/free/vieva_dashboard_12_10_2020_with_db/laravel/vendor/laravel/framework/src/Illuminate/Pipeline/Pipeline.php(167): Illuminate\\View\\Middleware\\ShareErrorsFromSession->handle(Object(Illuminate\\Http\\Request), Object(Closure))
#14 /opt/lampp/htdocs/Project/Laravel/Laravel DEMO/free/vieva_dashboard_12_10_2020_with_db/laravel/vendor/laravel/framework/src/Illuminate/Session/Middleware/StartSession.php(116): Illuminate\\Pipeline\\Pipeline->Illuminate\\Pipeline\\{closure}(Object(Illuminate\\Http\\Request))
#15 /opt/lampp/htdocs/Project/Laravel/Laravel DEMO/free/vieva_dashboard_12_10_2020_with_db/laravel/vendor/laravel/framework/src/Illuminate/Session/Middleware/StartSession.php(62): Illuminate\\Session\\Middleware\\StartSession->handleStatefulRequest(Object(Illuminate\\Http\\Request), Object(Illuminate\\Session\\Store), Object(Closure))
#16 /opt/lampp/htdocs/Project/Laravel/Laravel DEMO/free/vieva_dashboard_12_10_2020_with_db/laravel/vendor/laravel/framework/src/Illuminate/Pipeline/Pipeline.php(167): Illuminate\\Session\\Middleware\\StartSession->handle(Object(Illuminate\\Http\\Request), Object(Closure))
#17 /opt/lampp/htdocs/Project/Laravel/Laravel DEMO/free/vieva_dashboard_12_10_2020_with_db/laravel/vendor/laravel/framework/src/Illuminate/Cookie/Middleware/AddQueuedCookiesToResponse.php(37): Illuminate\\Pipeline\\Pipeline->Illuminate\\Pipeline\\{closure}(Object(Illuminate\\Http\\Request))
#18 /opt/lampp/htdocs/Project/Laravel/Laravel DEMO/free/vieva_dashboard_12_10_2020_with_db/laravel/vendor/laravel/framework/src/Illuminate/Pipeline/Pipeline.php(167): Illuminate\\Cookie\\Middleware\\AddQueuedCookiesToResponse->handle(Object(Illuminate\\Http\\Request), Object(Closure))
#19 /opt/lampp/htdocs/Project/Laravel/Laravel DEMO/free/vieva_dashboard_12_10_2020_with_db/laravel/vendor/laravel/framework/src/Illuminate/Cookie/Middleware/EncryptCookies.php(67): Illuminate\\Pipeline\\Pipeline->Illuminate\\Pipeline\\{closure}(Object(Illuminate\\Http\\Request))
#20 /opt/lampp/htdocs/Project/Laravel/Laravel DEMO/free/vieva_dashboard_12_10_2020_with_db/laravel/vendor/laravel/framework/src/Illuminate/Pipeline/Pipeline.php(167): Illuminate\\Cookie\\Middleware\\EncryptCookies->handle(Object(Illuminate\\Http\\Request), Object(Closure))
#21 /opt/lampp/htdocs/Project/Laravel/Laravel DEMO/free/vieva_dashboard_12_10_2020_with_db/laravel/vendor/laravel/framework/src/Illuminate/Pipeline/Pipeline.php(103): Illuminate\\Pipeline\\Pipeline->Illuminate\\Pipeline\\{closure}(Object(Illuminate\\Http\\Request))
#22 /opt/lampp/htdocs/Project/Laravel/Laravel DEMO/free/vieva_dashboard_12_10_2020_with_db/laravel/vendor/laravel/framework/src/Illuminate/Routing/Router.php(687): Illuminate\\Pipeline\\Pipeline->then(Object(Closure))
#23 /opt/lampp/htdocs/Project/Laravel/Laravel DEMO/free/vieva_dashboard_12_10_2020_with_db/laravel/vendor/laravel/framework/src/Illuminate/Routing/Router.php(662): Illuminate\\Routing\\Router->runRouteWithinStack(Object(Illuminate\\Routing\\Route), Object(Illuminate\\Http\\Request))
#24 /opt/lampp/htdocs/Project/Laravel/Laravel DEMO/free/vieva_dashboard_12_10_2020_with_db/laravel/vendor/laravel/framework/src/Illuminate/Routing/Router.php(628): Illuminate\\Routing\\Router->runRoute(Object(Illuminate\\Http\\Request), Object(Illuminate\\Routing\\Route))
#25 /opt/lampp/htdocs/Project/Laravel/Laravel DEMO/free/vieva_dashboard_12_10_2020_with_db/laravel/vendor/laravel/framework/src/Illuminate/Routing/Router.php(617): Illuminate\\Routing\\Router->dispatchToRoute(Object(Illuminate\\Http\\Request))
#26 /opt/lampp/htdocs/Project/Laravel/Laravel DEMO/free/vieva_dashboard_12_10_2020_with_db/laravel/vendor/laravel/framework/src/Illuminate/Foundation/Http/Kernel.php(165): Illuminate\\Routing\\Router->dispatch(Object(Illuminate\\Http\\Request))
#27 /opt/lampp/htdocs/Project/Laravel/Laravel DEMO/free/vieva_dashboard_12_10_2020_with_db/laravel/vendor/laravel/framework/src/Illuminate/Pipeline/Pipeline.php(128): Illuminate\\Foundation\\Http\\Kernel->Illuminate\\Foundation\\Http\\{closure}(Object(Illuminate\\Http\\Request))
#28 /opt/lampp/htdocs/Project/Laravel/Laravel DEMO/free/vieva_dashboard_12_10_2020_with_db/laravel/vendor/laravel/framework/src/Illuminate/Foundation/Http/Middleware/TransformsRequest.php(21): Illuminate\\Pipeline\\Pipeline->Illuminate\\Pipeline\\{closure}(Object(Illuminate\\Http\\Request))
#29 /opt/lampp/htdocs/Project/Laravel/Laravel DEMO/free/vieva_dashboard_12_10_2020_with_db/laravel/vendor/laravel/framework/src/Illuminate/Pipeline/Pipeline.php(167): Illuminate\\Foundation\\Http\\Middleware\\TransformsRequest->handle(Object(Illuminate\\Http\\Request), Object(Closure))
#30 /opt/lampp/htdocs/Project/Laravel/Laravel DEMO/free/vieva_dashboard_12_10_2020_with_db/laravel/vendor/laravel/framework/src/Illuminate/Foundation/Http/Middleware/TransformsRequest.php(21): Illuminate\\Pipeline\\Pipeline->Illuminate\\Pipeline\\{closure}(Object(Illuminate\\Http\\Request))
#31 /opt/lampp/htdocs/Project/Laravel/Laravel DEMO/free/vieva_dashboard_12_10_2020_with_db/laravel/vendor/laravel/framework/src/Illuminate/Pipeline/Pipeline.php(167): Illuminate\\Foundation\\Http\\Middleware\\TransformsRequest->handle(Object(Illuminate\\Http\\Request), Object(Closure))
#32 /opt/lampp/htdocs/Project/Laravel/Laravel DEMO/free/vieva_dashboard_12_10_2020_with_db/laravel/vendor/laravel/framework/src/Illuminate/Foundation/Http/Middleware/ValidatePostSize.php(27): Illuminate\\Pipeline\\Pipeline->Illuminate\\Pipeline\\{closure}(Object(Illuminate\\Http\\Request))
#33 /opt/lampp/htdocs/Project/Laravel/Laravel DEMO/free/vieva_dashboard_12_10_2020_with_db/laravel/vendor/laravel/framework/src/Illuminate/Pipeline/Pipeline.php(167): Illuminate\\Foundation\\Http\\Middleware\\ValidatePostSize->handle(Object(Illuminate\\Http\\Request), Object(Closure))
#34 /opt/lampp/htdocs/Project/Laravel/Laravel DEMO/free/vieva_dashboard_12_10_2020_with_db/laravel/vendor/laravel/framework/src/Illuminate/Foundation/Http/Middleware/CheckForMaintenanceMode.php(63): Illuminate\\Pipeline\\Pipeline->Illuminate\\Pipeline\\{closure}(Object(Illuminate\\Http\\Request))
#35 /opt/lampp/htdocs/Project/Laravel/Laravel DEMO/free/vieva_dashboard_12_10_2020_with_db/laravel/vendor/laravel/framework/src/Illuminate/Pipeline/Pipeline.php(167): Illuminate\\Foundation\\Http\\Middleware\\CheckForMaintenanceMode->handle(Object(Illuminate\\Http\\Request), Object(Closure))
#36 /opt/lampp/htdocs/Project/Laravel/Laravel DEMO/free/vieva_dashboard_12_10_2020_with_db/laravel/vendor/fruitcake/laravel-cors/src/HandleCors.php(37): Illuminate\\Pipeline\\Pipeline->Illuminate\\Pipeline\\{closure}(Object(Illuminate\\Http\\Request))
#37 /opt/lampp/htdocs/Project/Laravel/Laravel DEMO/free/vieva_dashboard_12_10_2020_with_db/laravel/vendor/laravel/framework/src/Illuminate/Pipeline/Pipeline.php(167): Fruitcake\\Cors\\HandleCors->handle(Object(Illuminate\\Http\\Request), Object(Closure))
#38 /opt/lampp/htdocs/Project/Laravel/Laravel DEMO/free/vieva_dashboard_12_10_2020_with_db/laravel/vendor/fideloper/proxy/src/TrustProxies.php(57): Illuminate\\Pipeline\\Pipeline->Illuminate\\Pipeline\\{closure}(Object(Illuminate\\Http\\Request))
#39 /opt/lampp/htdocs/Project/Laravel/Laravel DEMO/free/vieva_dashboard_12_10_2020_with_db/laravel/vendor/laravel/framework/src/Illuminate/Pipeline/Pipeline.php(167): Fideloper\\Proxy\\TrustProxies->handle(Object(Illuminate\\Http\\Request), Object(Closure))
#40 /opt/lampp/htdocs/Project/Laravel/Laravel DEMO/free/vieva_dashboard_12_10_2020_with_db/laravel/vendor/laravel/framework/src/Illuminate/Pipeline/Pipeline.php(103): Illuminate\\Pipeline\\Pipeline->Illuminate\\Pipeline\\{closure}(Object(Illuminate\\Http\\Request))
#41 /opt/lampp/htdocs/Project/Laravel/Laravel DEMO/free/vieva_dashboard_12_10_2020_with_db/laravel/vendor/laravel/framework/src/Illuminate/Foundation/Http/Kernel.php(140): Illuminate\\Pipeline\\Pipeline->then(Object(Closure))
#42 /opt/lampp/htdocs/Project/Laravel/Laravel DEMO/free/vieva_dashboard_12_10_2020_with_db/laravel/vendor/laravel/framework/src/Illuminate/Foundation/Http/Kernel.php(109): Illuminate\\Foundation\\Http\\Kernel->sendRequestThroughRouter(Object(Illuminate\\Http\\Request))
#43 /opt/lampp/htdocs/Project/Laravel/Laravel DEMO/free/vieva_dashboard_12_10_2020_with_db/laravel/public/index.php(55): Illuminate\\Foundation\\Http\\Kernel->handle(Object(Illuminate\\Http\\Request))
#44 /opt/lampp/htdocs/Project/Laravel/Laravel DEMO/free/vieva_dashboard_12_10_2020_with_db/laravel/server.php(21): require_once('/opt/lampp/htdo...')
#45 {main}
"} 
[2020-10-13 05:01:23] local.ERROR: file_put_contents(D:\WWW\Project Category\Med\current work\laravel\storage\framework/sessions/JyA2vFqbWRt4NS0wUZWdjCFBd01f1wgEbdCk0ova): failed to open stream: No such file or directory {"exception":"[object] (ErrorException(code: 0): file_put_contents(D:\\WWW\\Project Category\\Med\\current work\\laravel\\storage\\framework/sessions/JyA2vFqbWRt4NS0wUZWdjCFBd01f1wgEbdCk0ova): failed to open stream: No such file or directory at /opt/lampp/htdocs/Project/Laravel/Laravel DEMO/free/vieva_dashboard_12_10_2020_with_db/laravel/vendor/laravel/framework/src/Illuminate/Filesystem/Filesystem.php:135)
[stacktrace]
#0 [internal function]: Illuminate\\Foundation\\Bootstrap\\HandleExceptions->handleError(2, 'file_put_conten...', '/opt/lampp/htdo...', 135, Array)
#1 /opt/lampp/htdocs/Project/Laravel/Laravel DEMO/free/vieva_dashboard_12_10_2020_with_db/laravel/vendor/laravel/framework/src/Illuminate/Filesystem/Filesystem.php(135): file_put_contents('D:\\\\WWW\\\\Project ...', 'a:3:{s:6:\"_toke...', 2)
#2 /opt/lampp/htdocs/Project/Laravel/Laravel DEMO/free/vieva_dashboard_12_10_2020_with_db/laravel/vendor/laravel/framework/src/Illuminate/Session/FileSessionHandler.php(83): Illuminate\\Filesystem\\Filesystem->put('D:\\\\WWW\\\\Project ...', 'a:3:{s:6:\"_toke...', true)
#3 /opt/lampp/htdocs/Project/Laravel/Laravel DEMO/free/vieva_dashboard_12_10_2020_with_db/laravel/vendor/laravel/framework/src/Illuminate/Session/Store.php(129): Illuminate\\Session\\FileSessionHandler->write('JyA2vFqbWRt4NS0...', 'a:3:{s:6:\"_toke...')
#4 /opt/lampp/htdocs/Project/Laravel/Laravel DEMO/free/vieva_dashboard_12_10_2020_with_db/laravel/vendor/laravel/framework/src/Illuminate/Session/Middleware/StartSession.php(231): Illuminate\\Session\\Store->save()
#5 /opt/lampp/htdocs/Project/Laravel/Laravel DEMO/free/vieva_dashboard_12_10_2020_with_db/laravel/vendor/laravel/framework/src/Illuminate/Session/Middleware/StartSession.php(125): Illuminate\\Session\\Middleware\\StartSession->saveSession(Object(Illuminate\\Http\\Request))
#6 /opt/lampp/htdocs/Project/Laravel/Laravel DEMO/free/vieva_dashboard_12_10_2020_with_db/laravel/vendor/laravel/framework/src/Illuminate/Session/Middleware/StartSession.php(62): Illuminate\\Session\\Middleware\\StartSession->handleStatefulRequest(Object(Illuminate\\Http\\Request), Object(Illuminate\\Session\\Store), Object(Closure))
#7 /opt/lampp/htdocs/Project/Laravel/Laravel DEMO/free/vieva_dashboard_12_10_2020_with_db/laravel/vendor/laravel/framework/src/Illuminate/Pipeline/Pipeline.php(167): Illuminate\\Session\\Middleware\\StartSession->handle(Object(Illuminate\\Http\\Request), Object(Closure))
#8 /opt/lampp/htdocs/Project/Laravel/Laravel DEMO/free/vieva_dashboard_12_10_2020_with_db/laravel/vendor/laravel/framework/src/Illuminate/Cookie/Middleware/AddQueuedCookiesToResponse.php(37): Illuminate\\Pipeline\\Pipeline->Illuminate\\Pipeline\\{closure}(Object(Illuminate\\Http\\Request))
#9 /opt/lampp/htdocs/Project/Laravel/Laravel DEMO/free/vieva_dashboard_12_10_2020_with_db/laravel/vendor/laravel/framework/src/Illuminate/Pipeline/Pipeline.php(167): Illuminate\\Cookie\\Middleware\\AddQueuedCookiesToResponse->handle(Object(Illuminate\\Http\\Request), Object(Closure))
#10 /opt/lampp/htdocs/Project/Laravel/Laravel DEMO/free/vieva_dashboard_12_10_2020_with_db/laravel/vendor/laravel/framework/src/Illuminate/Cookie/Middleware/EncryptCookies.php(67): Illuminate\\Pipeline\\Pipeline->Illuminate\\Pipeline\\{closure}(Object(Illuminate\\Http\\Request))
#11 /opt/lampp/htdocs/Project/Laravel/Laravel DEMO/free/vieva_dashboard_12_10_2020_with_db/laravel/vendor/laravel/framework/src/Illuminate/Pipeline/Pipeline.php(167): Illuminate\\Cookie\\Middleware\\EncryptCookies->handle(Object(Illuminate\\Http\\Request), Object(Closure))
#12 /opt/lampp/htdocs/Project/Laravel/Laravel DEMO/free/vieva_dashboard_12_10_2020_with_db/laravel/vendor/laravel/framework/src/Illuminate/Pipeline/Pipeline.php(103): Illuminate\\Pipeline\\Pipeline->Illuminate\\Pipeline\\{closure}(Object(Illuminate\\Http\\Request))
#13 /opt/lampp/htdocs/Project/Laravel/Laravel DEMO/free/vieva_dashboard_12_10_2020_with_db/laravel/vendor/laravel/framework/src/Illuminate/Routing/Router.php(687): Illuminate\\Pipeline\\Pipeline->then(Object(Closure))
#14 /opt/lampp/htdocs/Project/Laravel/Laravel DEMO/free/vieva_dashboard_12_10_2020_with_db/laravel/vendor/laravel/framework/src/Illuminate/Routing/Router.php(662): Illuminate\\Routing\\Router->runRouteWithinStack(Object(Illuminate\\Routing\\Route), Object(Illuminate\\Http\\Request))
#15 /opt/lampp/htdocs/Project/Laravel/Laravel DEMO/free/vieva_dashboard_12_10_2020_with_db/laravel/vendor/laravel/framework/src/Illuminate/Routing/Router.php(628): Illuminate\\Routing\\Router->runRoute(Object(Illuminate\\Http\\Request), Object(Illuminate\\Routing\\Route))
#16 /opt/lampp/htdocs/Project/Laravel/Laravel DEMO/free/vieva_dashboard_12_10_2020_with_db/laravel/vendor/laravel/framework/src/Illuminate/Routing/Router.php(617): Illuminate\\Routing\\Router->dispatchToRoute(Object(Illuminate\\Http\\Request))
#17 /opt/lampp/htdocs/Project/Laravel/Laravel DEMO/free/vieva_dashboard_12_10_2020_with_db/laravel/vendor/laravel/framework/src/Illuminate/Foundation/Http/Kernel.php(165): Illuminate\\Routing\\Router->dispatch(Object(Illuminate\\Http\\Request))
#18 /opt/lampp/htdocs/Project/Laravel/Laravel DEMO/free/vieva_dashboard_12_10_2020_with_db/laravel/vendor/laravel/framework/src/Illuminate/Pipeline/Pipeline.php(128): Illuminate\\Foundation\\Http\\Kernel->Illuminate\\Foundation\\Http\\{closure}(Object(Illuminate\\Http\\Request))
#19 /opt/lampp/htdocs/Project/Laravel/Laravel DEMO/free/vieva_dashboard_12_10_2020_with_db/laravel/vendor/laravel/framework/src/Illuminate/Foundation/Http/Middleware/TransformsRequest.php(21): Illuminate\\Pipeline\\Pipeline->Illuminate\\Pipeline\\{closure}(Object(Illuminate\\Http\\Request))
#20 /opt/lampp/htdocs/Project/Laravel/Laravel DEMO/free/vieva_dashboard_12_10_2020_with_db/laravel/vendor/laravel/framework/src/Illuminate/Pipeline/Pipeline.php(167): Illuminate\\Foundation\\Http\\Middleware\\TransformsRequest->handle(Object(Illuminate\\Http\\Request), Object(Closure))
#21 /opt/lampp/htdocs/Project/Laravel/Laravel DEMO/free/vieva_dashboard_12_10_2020_with_db/laravel/vendor/laravel/framework/src/Illuminate/Foundation/Http/Middleware/TransformsRequest.php(21): Illuminate\\Pipeline\\Pipeline->Illuminate\\Pipeline\\{closure}(Object(Illuminate\\Http\\Request))
#22 /opt/lampp/htdocs/Project/Laravel/Laravel DEMO/free/vieva_dashboard_12_10_2020_with_db/laravel/vendor/laravel/framework/src/Illuminate/Pipeline/Pipeline.php(167): Illuminate\\Foundation\\Http\\Middleware\\TransformsRequest->handle(Object(Illuminate\\Http\\Request), Object(Closure))
#23 /opt/lampp/htdocs/Project/Laravel/Laravel DEMO/free/vieva_dashboard_12_10_2020_with_db/laravel/vendor/laravel/framework/src/Illuminate/Foundation/Http/Middleware/ValidatePostSize.php(27): Illuminate\\Pipeline\\Pipeline->Illuminate\\Pipeline\\{closure}(Object(Illuminate\\Http\\Request))
#24 /opt/lampp/htdocs/Project/Laravel/Laravel DEMO/free/vieva_dashboard_12_10_2020_with_db/laravel/vendor/laravel/framework/src/Illuminate/Pipeline/Pipeline.php(167): Illuminate\\Foundation\\Http\\Middleware\\ValidatePostSize->handle(Object(Illuminate\\Http\\Request), Object(Closure))
#25 /opt/lampp/htdocs/Project/Laravel/Laravel DEMO/free/vieva_dashboard_12_10_2020_with_db/laravel/vendor/laravel/framework/src/Illuminate/Foundation/Http/Middleware/CheckForMaintenanceMode.php(63): Illuminate\\Pipeline\\Pipeline->Illuminate\\Pipeline\\{closure}(Object(Illuminate\\Http\\Request))
#26 /opt/lampp/htdocs/Project/Laravel/Laravel DEMO/free/vieva_dashboard_12_10_2020_with_db/laravel/vendor/laravel/framework/src/Illuminate/Pipeline/Pipeline.php(167): Illuminate\\Foundation\\Http\\Middleware\\CheckForMaintenanceMode->handle(Object(Illuminate\\Http\\Request), Object(Closure))
#27 /opt/lampp/htdocs/Project/Laravel/Laravel DEMO/free/vieva_dashboard_12_10_2020_with_db/laravel/vendor/fruitcake/laravel-cors/src/HandleCors.php(37): Illuminate\\Pipeline\\Pipeline->Illuminate\\Pipeline\\{closure}(Object(Illuminate\\Http\\Request))
#28 /opt/lampp/htdocs/Project/Laravel/Laravel DEMO/free/vieva_dashboard_12_10_2020_with_db/laravel/vendor/laravel/framework/src/Illuminate/Pipeline/Pipeline.php(167): Fruitcake\\Cors\\HandleCors->handle(Object(Illuminate\\Http\\Request), Object(Closure))
#29 /opt/lampp/htdocs/Project/Laravel/Laravel DEMO/free/vieva_dashboard_12_10_2020_with_db/laravel/vendor/fideloper/proxy/src/TrustProxies.php(57): Illuminate\\Pipeline\\Pipeline->Illuminate\\Pipeline\\{closure}(Object(Illuminate\\Http\\Request))
#30 /opt/lampp/htdocs/Project/Laravel/Laravel DEMO/free/vieva_dashboard_12_10_2020_with_db/laravel/vendor/laravel/framework/src/Illuminate/Pipeline/Pipeline.php(167): Fideloper\\Proxy\\TrustProxies->handle(Object(Illuminate\\Http\\Request), Object(Closure))
#31 /opt/lampp/htdocs/Project/Laravel/Laravel DEMO/free/vieva_dashboard_12_10_2020_with_db/laravel/vendor/laravel/framework/src/Illuminate/Pipeline/Pipeline.php(103): Illuminate\\Pipeline\\Pipeline->Illuminate\\Pipeline\\{closure}(Object(Illuminate\\Http\\Request))
#32 /opt/lampp/htdocs/Project/Laravel/Laravel DEMO/free/vieva_dashboard_12_10_2020_with_db/laravel/vendor/laravel/framework/src/Illuminate/Foundation/Http/Kernel.php(140): Illuminate\\Pipeline\\Pipeline->then(Object(Closure))
#33 /opt/lampp/htdocs/Project/Laravel/Laravel DEMO/free/vieva_dashboard_12_10_2020_with_db/laravel/vendor/laravel/framework/src/Illuminate/Foundation/Http/Kernel.php(109): Illuminate\\Foundation\\Http\\Kernel->sendRequestThroughRouter(Object(Illuminate\\Http\\Request))
#34 /opt/lampp/htdocs/Project/Laravel/Laravel DEMO/free/vieva_dashboard_12_10_2020_with_db/laravel/public/index.php(55): Illuminate\\Foundation\\Http\\Kernel->handle(Object(Illuminate\\Http\\Request))
#35 /opt/lampp/htdocs/Project/Laravel/Laravel DEMO/free/vieva_dashboard_12_10_2020_with_db/laravel/server.php(21): require_once('/opt/lampp/htdo...')
#36 {main}
"} 
[2020-10-13 05:02:17] local.ERROR: View [welcome] not found. {"exception":"[object] (InvalidArgumentException(code: 0): View [welcome] not found. at /opt/lampp/htdocs/Project/Laravel/Laravel DEMO/free/vieva_dashboard_12_10_2020_with_db/laravel/vendor/laravel/framework/src/Illuminate/View/FileViewFinder.php:137)
[stacktrace]
#0 /opt/lampp/htdocs/Project/Laravel/Laravel DEMO/free/vieva_dashboard_12_10_2020_with_db/laravel/vendor/laravel/framework/src/Illuminate/View/FileViewFinder.php(79): Illuminate\\View\\FileViewFinder->findInPaths('welcome', Array)
#1 /opt/lampp/htdocs/Project/Laravel/Laravel DEMO/free/vieva_dashboard_12_10_2020_with_db/laravel/vendor/laravel/framework/src/Illuminate/View/Factory.php(138): Illuminate\\View\\FileViewFinder->find('welcome')
#2 /opt/lampp/htdocs/Project/Laravel/Laravel DEMO/free/vieva_dashboard_12_10_2020_with_db/laravel/vendor/laravel/framework/src/Illuminate/Foundation/helpers.php(961): Illuminate\\View\\Factory->make('welcome', Array, Array)
#3 /opt/lampp/htdocs/Project/Laravel/Laravel DEMO/free/vieva_dashboard_12_10_2020_with_db/laravel/routes/web.php(17): view('welcome')
#4 /opt/lampp/htdocs/Project/Laravel/Laravel DEMO/free/vieva_dashboard_12_10_2020_with_db/laravel/vendor/laravel/framework/src/Illuminate/Routing/Route.php(225): Illuminate\\Routing\\RouteFileRegistrar->{closure}()
#5 /opt/lampp/htdocs/Project/Laravel/Laravel DEMO/free/vieva_dashboard_12_10_2020_with_db/laravel/vendor/laravel/framework/src/Illuminate/Routing/Route.php(199): Illuminate\\Routing\\Route->runCallable()
#6 /opt/lampp/htdocs/Project/Laravel/Laravel DEMO/free/vieva_dashboard_12_10_2020_with_db/laravel/vendor/laravel/framework/src/Illuminate/Routing/Router.php(685): Illuminate\\Routing\\Route->run()
#7 /opt/lampp/htdocs/Project/Laravel/Laravel DEMO/free/vieva_dashboard_12_10_2020_with_db/laravel/vendor/laravel/framework/src/Illuminate/Pipeline/Pipeline.php(128): Illuminate\\Routing\\Router->Illuminate\\Routing\\{closure}(Object(Illuminate\\Http\\Request))
#8 /opt/lampp/htdocs/Project/Laravel/Laravel DEMO/free/vieva_dashboard_12_10_2020_with_db/laravel/vendor/laravel/framework/src/Illuminate/Routing/Middleware/SubstituteBindings.php(41): Illuminate\\Pipeline\\Pipeline->Illuminate\\Pipeline\\{closure}(Object(Illuminate\\Http\\Request))
#9 /opt/lampp/htdocs/Project/Laravel/Laravel DEMO/free/vieva_dashboard_12_10_2020_with_db/laravel/vendor/laravel/framework/src/Illuminate/Pipeline/Pipeline.php(167): Illuminate\\Routing\\Middleware\\SubstituteBindings->handle(Object(Illuminate\\Http\\Request), Object(Closure))
#10 /opt/lampp/htdocs/Project/Laravel/Laravel DEMO/free/vieva_dashboard_12_10_2020_with_db/laravel/vendor/laravel/framework/src/Illuminate/Foundation/Http/Middleware/VerifyCsrfToken.php(77): Illuminate\\Pipeline\\Pipeline->Illuminate\\Pipeline\\{closure}(Object(Illuminate\\Http\\Request))
#11 /opt/lampp/htdocs/Project/Laravel/Laravel DEMO/free/vieva_dashboard_12_10_2020_with_db/laravel/vendor/laravel/framework/src/Illuminate/Pipeline/Pipeline.php(167): Illuminate\\Foundation\\Http\\Middleware\\VerifyCsrfToken->handle(Object(Illuminate\\Http\\Request), Object(Closure))
#12 /opt/lampp/htdocs/Project/Laravel/Laravel DEMO/free/vieva_dashboard_12_10_2020_with_db/laravel/vendor/laravel/framework/src/Illuminate/View/Middleware/ShareErrorsFromSession.php(49): Illuminate\\Pipeline\\Pipeline->Illuminate\\Pipeline\\{closure}(Object(Illuminate\\Http\\Request))
#13 /opt/lampp/htdocs/Project/Laravel/Laravel DEMO/free/vieva_dashboard_12_10_2020_with_db/laravel/vendor/laravel/framework/src/Illuminate/Pipeline/Pipeline.php(167): Illuminate\\View\\Middleware\\ShareErrorsFromSession->handle(Object(Illuminate\\Http\\Request), Object(Closure))
#14 /opt/lampp/htdocs/Project/Laravel/Laravel DEMO/free/vieva_dashboard_12_10_2020_with_db/laravel/vendor/laravel/framework/src/Illuminate/Session/Middleware/StartSession.php(116): Illuminate\\Pipeline\\Pipeline->Illuminate\\Pipeline\\{closure}(Object(Illuminate\\Http\\Request))
#15 /opt/lampp/htdocs/Project/Laravel/Laravel DEMO/free/vieva_dashboard_12_10_2020_with_db/laravel/vendor/laravel/framework/src/Illuminate/Session/Middleware/StartSession.php(62): Illuminate\\Session\\Middleware\\StartSession->handleStatefulRequest(Object(Illuminate\\Http\\Request), Object(Illuminate\\Session\\Store), Object(Closure))
#16 /opt/lampp/htdocs/Project/Laravel/Laravel DEMO/free/vieva_dashboard_12_10_2020_with_db/laravel/vendor/laravel/framework/src/Illuminate/Pipeline/Pipeline.php(167): Illuminate\\Session\\Middleware\\StartSession->handle(Object(Illuminate\\Http\\Request), Object(Closure))
#17 /opt/lampp/htdocs/Project/Laravel/Laravel DEMO/free/vieva_dashboard_12_10_2020_with_db/laravel/vendor/laravel/framework/src/Illuminate/Cookie/Middleware/AddQueuedCookiesToResponse.php(37): Illuminate\\Pipeline\\Pipeline->Illuminate\\Pipeline\\{closure}(Object(Illuminate\\Http\\Request))
#18 /opt/lampp/htdocs/Project/Laravel/Laravel DEMO/free/vieva_dashboard_12_10_2020_with_db/laravel/vendor/laravel/framework/src/Illuminate/Pipeline/Pipeline.php(167): Illuminate\\Cookie\\Middleware\\AddQueuedCookiesToResponse->handle(Object(Illuminate\\Http\\Request), Object(Closure))
#19 /opt/lampp/htdocs/Project/Laravel/Laravel DEMO/free/vieva_dashboard_12_10_2020_with_db/laravel/vendor/laravel/framework/src/Illuminate/Cookie/Middleware/EncryptCookies.php(67): Illuminate\\Pipeline\\Pipeline->Illuminate\\Pipeline\\{closure}(Object(Illuminate\\Http\\Request))
#20 /opt/lampp/htdocs/Project/Laravel/Laravel DEMO/free/vieva_dashboard_12_10_2020_with_db/laravel/vendor/laravel/framework/src/Illuminate/Pipeline/Pipeline.php(167): Illuminate\\Cookie\\Middleware\\EncryptCookies->handle(Object(Illuminate\\Http\\Request), Object(Closure))
#21 /opt/lampp/htdocs/Project/Laravel/Laravel DEMO/free/vieva_dashboard_12_10_2020_with_db/laravel/vendor/laravel/framework/src/Illuminate/Pipeline/Pipeline.php(103): Illuminate\\Pipeline\\Pipeline->Illuminate\\Pipeline\\{closure}(Object(Illuminate\\Http\\Request))
#22 /opt/lampp/htdocs/Project/Laravel/Laravel DEMO/free/vieva_dashboard_12_10_2020_with_db/laravel/vendor/laravel/framework/src/Illuminate/Routing/Router.php(687): Illuminate\\Pipeline\\Pipeline->then(Object(Closure))
#23 /opt/lampp/htdocs/Project/Laravel/Laravel DEMO/free/vieva_dashboard_12_10_2020_with_db/laravel/vendor/laravel/framework/src/Illuminate/Routing/Router.php(662): Illuminate\\Routing\\Router->runRouteWithinStack(Object(Illuminate\\Routing\\Route), Object(Illuminate\\Http\\Request))
#24 /opt/lampp/htdocs/Project/Laravel/Laravel DEMO/free/vieva_dashboard_12_10_2020_with_db/laravel/vendor/laravel/framework/src/Illuminate/Routing/Router.php(628): Illuminate\\Routing\\Router->runRoute(Object(Illuminate\\Http\\Request), Object(Illuminate\\Routing\\Route))
#25 /opt/lampp/htdocs/Project/Laravel/Laravel DEMO/free/vieva_dashboard_12_10_2020_with_db/laravel/vendor/laravel/framework/src/Illuminate/Routing/Router.php(617): Illuminate\\Routing\\Router->dispatchToRoute(Object(Illuminate\\Http\\Request))
#26 /opt/lampp/htdocs/Project/Laravel/Laravel DEMO/free/vieva_dashboard_12_10_2020_with_db/laravel/vendor/laravel/framework/src/Illuminate/Foundation/Http/Kernel.php(165): Illuminate\\Routing\\Router->dispatch(Object(Illuminate\\Http\\Request))
#27 /opt/lampp/htdocs/Project/Laravel/Laravel DEMO/free/vieva_dashboard_12_10_2020_with_db/laravel/vendor/laravel/framework/src/Illuminate/Pipeline/Pipeline.php(128): Illuminate\\Foundation\\Http\\Kernel->Illuminate\\Foundation\\Http\\{closure}(Object(Illuminate\\Http\\Request))
#28 /opt/lampp/htdocs/Project/Laravel/Laravel DEMO/free/vieva_dashboard_12_10_2020_with_db/laravel/vendor/laravel/framework/src/Illuminate/Foundation/Http/Middleware/TransformsRequest.php(21): Illuminate\\Pipeline\\Pipeline->Illuminate\\Pipeline\\{closure}(Object(Illuminate\\Http\\Request))
#29 /opt/lampp/htdocs/Project/Laravel/Laravel DEMO/free/vieva_dashboard_12_10_2020_with_db/laravel/vendor/laravel/framework/src/Illuminate/Pipeline/Pipeline.php(167): Illuminate\\Foundation\\Http\\Middleware\\TransformsRequest->handle(Object(Illuminate\\Http\\Request), Object(Closure))
#30 /opt/lampp/htdocs/Project/Laravel/Laravel DEMO/free/vieva_dashboard_12_10_2020_with_db/laravel/vendor/laravel/framework/src/Illuminate/Foundation/Http/Middleware/TransformsRequest.php(21): Illuminate\\Pipeline\\Pipeline->Illuminate\\Pipeline\\{closure}(Object(Illuminate\\Http\\Request))
#31 /opt/lampp/htdocs/Project/Laravel/Laravel DEMO/free/vieva_dashboard_12_10_2020_with_db/laravel/vendor/laravel/framework/src/Illuminate/Pipeline/Pipeline.php(167): Illuminate\\Foundation\\Http\\Middleware\\TransformsRequest->handle(Object(Illuminate\\Http\\Request), Object(Closure))
#32 /opt/lampp/htdocs/Project/Laravel/Laravel DEMO/free/vieva_dashboard_12_10_2020_with_db/laravel/vendor/laravel/framework/src/Illuminate/Foundation/Http/Middleware/ValidatePostSize.php(27): Illuminate\\Pipeline\\Pipeline->Illuminate\\Pipeline\\{closure}(Object(Illuminate\\Http\\Request))
#33 /opt/lampp/htdocs/Project/Laravel/Laravel DEMO/free/vieva_dashboard_12_10_2020_with_db/laravel/vendor/laravel/framework/src/Illuminate/Pipeline/Pipeline.php(167): Illuminate\\Foundation\\Http\\Middleware\\ValidatePostSize->handle(Object(Illuminate\\Http\\Request), Object(Closure))
#34 /opt/lampp/htdocs/Project/Laravel/Laravel DEMO/free/vieva_dashboard_12_10_2020_with_db/laravel/vendor/laravel/framework/src/Illuminate/Foundation/Http/Middleware/CheckForMaintenanceMode.php(63): Illuminate\\Pipeline\\Pipeline->Illuminate\\Pipeline\\{closure}(Object(Illuminate\\Http\\Request))
#35 /opt/lampp/htdocs/Project/Laravel/Laravel DEMO/free/vieva_dashboard_12_10_2020_with_db/laravel/vendor/laravel/framework/src/Illuminate/Pipeline/Pipeline.php(167): Illuminate\\Foundation\\Http\\Middleware\\CheckForMaintenanceMode->handle(Object(Illuminate\\Http\\Request), Object(Closure))
#36 /opt/lampp/htdocs/Project/Laravel/Laravel DEMO/free/vieva_dashboard_12_10_2020_with_db/laravel/vendor/fruitcake/laravel-cors/src/HandleCors.php(37): Illuminate\\Pipeline\\Pipeline->Illuminate\\Pipeline\\{closure}(Object(Illuminate\\Http\\Request))
#37 /opt/lampp/htdocs/Project/Laravel/Laravel DEMO/free/vieva_dashboard_12_10_2020_with_db/laravel/vendor/laravel/framework/src/Illuminate/Pipeline/Pipeline.php(167): Fruitcake\\Cors\\HandleCors->handle(Object(Illuminate\\Http\\Request), Object(Closure))
#38 /opt/lampp/htdocs/Project/Laravel/Laravel DEMO/free/vieva_dashboard_12_10_2020_with_db/laravel/vendor/fideloper/proxy/src/TrustProxies.php(57): Illuminate\\Pipeline\\Pipeline->Illuminate\\Pipeline\\{closure}(Object(Illuminate\\Http\\Request))
#39 /opt/lampp/htdocs/Project/Laravel/Laravel DEMO/free/vieva_dashboard_12_10_2020_with_db/laravel/vendor/laravel/framework/src/Illuminate/Pipeline/Pipeline.php(167): Fideloper\\Proxy\\TrustProxies->handle(Object(Illuminate\\Http\\Request), Object(Closure))
#40 /opt/lampp/htdocs/Project/Laravel/Laravel DEMO/free/vieva_dashboard_12_10_2020_with_db/laravel/vendor/laravel/framework/src/Illuminate/Pipeline/Pipeline.php(103): Illuminate\\Pipeline\\Pipeline->Illuminate\\Pipeline\\{closure}(Object(Illuminate\\Http\\Request))
#41 /opt/lampp/htdocs/Project/Laravel/Laravel DEMO/free/vieva_dashboard_12_10_2020_with_db/laravel/vendor/laravel/framework/src/Illuminate/Foundation/Http/Kernel.php(140): Illuminate\\Pipeline\\Pipeline->then(Object(Closure))
#42 /opt/lampp/htdocs/Project/Laravel/Laravel DEMO/free/vieva_dashboard_12_10_2020_with_db/laravel/vendor/laravel/framework/src/Illuminate/Foundation/Http/Kernel.php(109): Illuminate\\Foundation\\Http\\Kernel->sendRequestThroughRouter(Object(Illuminate\\Http\\Request))
#43 /opt/lampp/htdocs/Project/Laravel/Laravel DEMO/free/vieva_dashboard_12_10_2020_with_db/laravel/public/index.php(55): Illuminate\\Foundation\\Http\\Kernel->handle(Object(Illuminate\\Http\\Request))
#44 /opt/lampp/htdocs/Project/Laravel/Laravel DEMO/free/vieva_dashboard_12_10_2020_with_db/laravel/server.php(21): require_once('/opt/lampp/htdo...')
#45 {main}
"} 
[2020-10-13 05:02:17] local.ERROR: file_put_contents(D:\WWW\Project Category\Med\current work\laravel\storage\framework/sessions/AlDm9YvFmHow5DvTZyP805Ob5jp89h3wUhlFNWan): failed to open stream: No such file or directory {"exception":"[object] (ErrorException(code: 0): file_put_contents(D:\\WWW\\Project Category\\Med\\current work\\laravel\\storage\\framework/sessions/AlDm9YvFmHow5DvTZyP805Ob5jp89h3wUhlFNWan): failed to open stream: No such file or directory at /opt/lampp/htdocs/Project/Laravel/Laravel DEMO/free/vieva_dashboard_12_10_2020_with_db/laravel/vendor/laravel/framework/src/Illuminate/Filesystem/Filesystem.php:135)
[stacktrace]
#0 [internal function]: Illuminate\\Foundation\\Bootstrap\\HandleExceptions->handleError(2, 'file_put_conten...', '/opt/lampp/htdo...', 135, Array)
#1 /opt/lampp/htdocs/Project/Laravel/Laravel DEMO/free/vieva_dashboard_12_10_2020_with_db/laravel/vendor/laravel/framework/src/Illuminate/Filesystem/Filesystem.php(135): file_put_contents('D:\\\\WWW\\\\Project ...', 'a:3:{s:6:\"_toke...', 2)
#2 /opt/lampp/htdocs/Project/Laravel/Laravel DEMO/free/vieva_dashboard_12_10_2020_with_db/laravel/vendor/laravel/framework/src/Illuminate/Session/FileSessionHandler.php(83): Illuminate\\Filesystem\\Filesystem->put('D:\\\\WWW\\\\Project ...', 'a:3:{s:6:\"_toke...', true)
#3 /opt/lampp/htdocs/Project/Laravel/Laravel DEMO/free/vieva_dashboard_12_10_2020_with_db/laravel/vendor/laravel/framework/src/Illuminate/Session/Store.php(129): Illuminate\\Session\\FileSessionHandler->write('AlDm9YvFmHow5Dv...', 'a:3:{s:6:\"_toke...')
#4 /opt/lampp/htdocs/Project/Laravel/Laravel DEMO/free/vieva_dashboard_12_10_2020_with_db/laravel/vendor/laravel/framework/src/Illuminate/Session/Middleware/StartSession.php(231): Illuminate\\Session\\Store->save()
#5 /opt/lampp/htdocs/Project/Laravel/Laravel DEMO/free/vieva_dashboard_12_10_2020_with_db/laravel/vendor/laravel/framework/src/Illuminate/Session/Middleware/StartSession.php(125): Illuminate\\Session\\Middleware\\StartSession->saveSession(Object(Illuminate\\Http\\Request))
#6 /opt/lampp/htdocs/Project/Laravel/Laravel DEMO/free/vieva_dashboard_12_10_2020_with_db/laravel/vendor/laravel/framework/src/Illuminate/Session/Middleware/StartSession.php(62): Illuminate\\Session\\Middleware\\StartSession->handleStatefulRequest(Object(Illuminate\\Http\\Request), Object(Illuminate\\Session\\Store), Object(Closure))
#7 /opt/lampp/htdocs/Project/Laravel/Laravel DEMO/free/vieva_dashboard_12_10_2020_with_db/laravel/vendor/laravel/framework/src/Illuminate/Pipeline/Pipeline.php(167): Illuminate\\Session\\Middleware\\StartSession->handle(Object(Illuminate\\Http\\Request), Object(Closure))
#8 /opt/lampp/htdocs/Project/Laravel/Laravel DEMO/free/vieva_dashboard_12_10_2020_with_db/laravel/vendor/laravel/framework/src/Illuminate/Cookie/Middleware/AddQueuedCookiesToResponse.php(37): Illuminate\\Pipeline\\Pipeline->Illuminate\\Pipeline\\{closure}(Object(Illuminate\\Http\\Request))
#9 /opt/lampp/htdocs/Project/Laravel/Laravel DEMO/free/vieva_dashboard_12_10_2020_with_db/laravel/vendor/laravel/framework/src/Illuminate/Pipeline/Pipeline.php(167): Illuminate\\Cookie\\Middleware\\AddQueuedCookiesToResponse->handle(Object(Illuminate\\Http\\Request), Object(Closure))
#10 /opt/lampp/htdocs/Project/Laravel/Laravel DEMO/free/vieva_dashboard_12_10_2020_with_db/laravel/vendor/laravel/framework/src/Illuminate/Cookie/Middleware/EncryptCookies.php(67): Illuminate\\Pipeline\\Pipeline->Illuminate\\Pipeline\\{closure}(Object(Illuminate\\Http\\Request))
#11 /opt/lampp/htdocs/Project/Laravel/Laravel DEMO/free/vieva_dashboard_12_10_2020_with_db/laravel/vendor/laravel/framework/src/Illuminate/Pipeline/Pipeline.php(167): Illuminate\\Cookie\\Middleware\\EncryptCookies->handle(Object(Illuminate\\Http\\Request), Object(Closure))
#12 /opt/lampp/htdocs/Project/Laravel/Laravel DEMO/free/vieva_dashboard_12_10_2020_with_db/laravel/vendor/laravel/framework/src/Illuminate/Pipeline/Pipeline.php(103): Illuminate\\Pipeline\\Pipeline->Illuminate\\Pipeline\\{closure}(Object(Illuminate\\Http\\Request))
#13 /opt/lampp/htdocs/Project/Laravel/Laravel DEMO/free/vieva_dashboard_12_10_2020_with_db/laravel/vendor/laravel/framework/src/Illuminate/Routing/Router.php(687): Illuminate\\Pipeline\\Pipeline->then(Object(Closure))
#14 /opt/lampp/htdocs/Project/Laravel/Laravel DEMO/free/vieva_dashboard_12_10_2020_with_db/laravel/vendor/laravel/framework/src/Illuminate/Routing/Router.php(662): Illuminate\\Routing\\Router->runRouteWithinStack(Object(Illuminate\\Routing\\Route), Object(Illuminate\\Http\\Request))
#15 /opt/lampp/htdocs/Project/Laravel/Laravel DEMO/free/vieva_dashboard_12_10_2020_with_db/laravel/vendor/laravel/framework/src/Illuminate/Routing/Router.php(628): Illuminate\\Routing\\Router->runRoute(Object(Illuminate\\Http\\Request), Object(Illuminate\\Routing\\Route))
#16 /opt/lampp/htdocs/Project/Laravel/Laravel DEMO/free/vieva_dashboard_12_10_2020_with_db/laravel/vendor/laravel/framework/src/Illuminate/Routing/Router.php(617): Illuminate\\Routing\\Router->dispatchToRoute(Object(Illuminate\\Http\\Request))
#17 /opt/lampp/htdocs/Project/Laravel/Laravel DEMO/free/vieva_dashboard_12_10_2020_with_db/laravel/vendor/laravel/framework/src/Illuminate/Foundation/Http/Kernel.php(165): Illuminate\\Routing\\Router->dispatch(Object(Illuminate\\Http\\Request))
#18 /opt/lampp/htdocs/Project/Laravel/Laravel DEMO/free/vieva_dashboard_12_10_2020_with_db/laravel/vendor/laravel/framework/src/Illuminate/Pipeline/Pipeline.php(128): Illuminate\\Foundation\\Http\\Kernel->Illuminate\\Foundation\\Http\\{closure}(Object(Illuminate\\Http\\Request))
#19 /opt/lampp/htdocs/Project/Laravel/Laravel DEMO/free/vieva_dashboard_12_10_2020_with_db/laravel/vendor/laravel/framework/src/Illuminate/Foundation/Http/Middleware/TransformsRequest.php(21): Illuminate\\Pipeline\\Pipeline->Illuminate\\Pipeline\\{closure}(Object(Illuminate\\Http\\Request))
#20 /opt/lampp/htdocs/Project/Laravel/Laravel DEMO/free/vieva_dashboard_12_10_2020_with_db/laravel/vendor/laravel/framework/src/Illuminate/Pipeline/Pipeline.php(167): Illuminate\\Foundation\\Http\\Middleware\\TransformsRequest->handle(Object(Illuminate\\Http\\Request), Object(Closure))
#21 /opt/lampp/htdocs/Project/Laravel/Laravel DEMO/free/vieva_dashboard_12_10_2020_with_db/laravel/vendor/laravel/framework/src/Illuminate/Foundation/Http/Middleware/TransformsRequest.php(21): Illuminate\\Pipeline\\Pipeline->Illuminate\\Pipeline\\{closure}(Object(Illuminate\\Http\\Request))
#22 /opt/lampp/htdocs/Project/Laravel/Laravel DEMO/free/vieva_dashboard_12_10_2020_with_db/laravel/vendor/laravel/framework/src/Illuminate/Pipeline/Pipeline.php(167): Illuminate\\Foundation\\Http\\Middleware\\TransformsRequest->handle(Object(Illuminate\\Http\\Request), Object(Closure))
#23 /opt/lampp/htdocs/Project/Laravel/Laravel DEMO/free/vieva_dashboard_12_10_2020_with_db/laravel/vendor/laravel/framework/src/Illuminate/Foundation/Http/Middleware/ValidatePostSize.php(27): Illuminate\\Pipeline\\Pipeline->Illuminate\\Pipeline\\{closure}(Object(Illuminate\\Http\\Request))
#24 /opt/lampp/htdocs/Project/Laravel/Laravel DEMO/free/vieva_dashboard_12_10_2020_with_db/laravel/vendor/laravel/framework/src/Illuminate/Pipeline/Pipeline.php(167): Illuminate\\Foundation\\Http\\Middleware\\ValidatePostSize->handle(Object(Illuminate\\Http\\Request), Object(Closure))
#25 /opt/lampp/htdocs/Project/Laravel/Laravel DEMO/free/vieva_dashboard_12_10_2020_with_db/laravel/vendor/laravel/framework/src/Illuminate/Foundation/Http/Middleware/CheckForMaintenanceMode.php(63): Illuminate\\Pipeline\\Pipeline->Illuminate\\Pipeline\\{closure}(Object(Illuminate\\Http\\Request))
#26 /opt/lampp/htdocs/Project/Laravel/Laravel DEMO/free/vieva_dashboard_12_10_2020_with_db/laravel/vendor/laravel/framework/src/Illuminate/Pipeline/Pipeline.php(167): Illuminate\\Foundation\\Http\\Middleware\\CheckForMaintenanceMode->handle(Object(Illuminate\\Http\\Request), Object(Closure))
#27 /opt/lampp/htdocs/Project/Laravel/Laravel DEMO/free/vieva_dashboard_12_10_2020_with_db/laravel/vendor/fruitcake/laravel-cors/src/HandleCors.php(37): Illuminate\\Pipeline\\Pipeline->Illuminate\\Pipeline\\{closure}(Object(Illuminate\\Http\\Request))
#28 /opt/lampp/htdocs/Project/Laravel/Laravel DEMO/free/vieva_dashboard_12_10_2020_with_db/laravel/vendor/laravel/framework/src/Illuminate/Pipeline/Pipeline.php(167): Fruitcake\\Cors\\HandleCors->handle(Object(Illuminate\\Http\\Request), Object(Closure))
#29 /opt/lampp/htdocs/Project/Laravel/Laravel DEMO/free/vieva_dashboard_12_10_2020_with_db/laravel/vendor/fideloper/proxy/src/TrustProxies.php(57): Illuminate\\Pipeline\\Pipeline->Illuminate\\Pipeline\\{closure}(Object(Illuminate\\Http\\Request))
#30 /opt/lampp/htdocs/Project/Laravel/Laravel DEMO/free/vieva_dashboard_12_10_2020_with_db/laravel/vendor/laravel/framework/src/Illuminate/Pipeline/Pipeline.php(167): Fideloper\\Proxy\\TrustProxies->handle(Object(Illuminate\\Http\\Request), Object(Closure))
#31 /opt/lampp/htdocs/Project/Laravel/Laravel DEMO/free/vieva_dashboard_12_10_2020_with_db/laravel/vendor/laravel/framework/src/Illuminate/Pipeline/Pipeline.php(103): Illuminate\\Pipeline\\Pipeline->Illuminate\\Pipeline\\{closure}(Object(Illuminate\\Http\\Request))
#32 /opt/lampp/htdocs/Project/Laravel/Laravel DEMO/free/vieva_dashboard_12_10_2020_with_db/laravel/vendor/laravel/framework/src/Illuminate/Foundation/Http/Kernel.php(140): Illuminate\\Pipeline\\Pipeline->then(Object(Closure))
#33 /opt/lampp/htdocs/Project/Laravel/Laravel DEMO/free/vieva_dashboard_12_10_2020_with_db/laravel/vendor/laravel/framework/src/Illuminate/Foundation/Http/Kernel.php(109): Illuminate\\Foundation\\Http\\Kernel->sendRequestThroughRouter(Object(Illuminate\\Http\\Request))
#34 /opt/lampp/htdocs/Project/Laravel/Laravel DEMO/free/vieva_dashboard_12_10_2020_with_db/laravel/public/index.php(55): Illuminate\\Foundation\\Http\\Kernel->handle(Object(Illuminate\\Http\\Request))
#35 /opt/lampp/htdocs/Project/Laravel/Laravel DEMO/free/vieva_dashboard_12_10_2020_with_db/laravel/server.php(21): require_once('/opt/lampp/htdo...')
#36 {main}
"} 
